#
# A fatal error has been detected by the Java Runtime Environment:
#
#  EXCEPTION_ACCESS_VIOLATION (0xc0000005) at pc=0x723728e0, pid=1188, tid=0x000014d0
#
# JRE version: Java(TM) SE Runtime Environment (8.0_201-b09) (build 1.8.0_201-b09)
# Java VM: Java HotSpot(TM) Client VM (25.201-b09 mixed mode windows-x86 )
# Problematic frame:
# V  [jvm.dll+0xb28e0]
#
# Failed to write core dump. Minidumps are not enabled by default on client versions of Windows
#
# If you would like to submit a bug report, please visit:
#   http://bugreport.java.com/bugreport/crash.jsp
#

---------------  T H R E A D  ---------------

Current thread (0x0212e800):  VMThread [stack: 0x14950000,0x149a0000] [id=5328]

siginfo: ExceptionCode=0xc0000005, reading address 0x220a7498

Registers:
EAX=0xffffff88, EBX=0x00000100, ECX=0x00000008, EDX=0x07fffffc
ESP=0x1499f25c, EBP=0x1499f268, ESI=0x1499f388, EDI=0x020a74a8
EIP=0x723728e0, EFLAGS=0x00010206

Top of Stack: (sp=0x1499f25c)
0x1499f25c:   000000a7 1499f388 0000005e 1499f290
0x1499f26c:   72374303 1499f388 ffffff88 00000000
0x1499f27c:   000000a7 1499f388 00000080 72373e5d
0x1499f28c:   00000080 1499f2e0 72374a38 1499f2b0
0x1499f29c:   723728c0 00000000 020a7478 1499f388
0x1499f2ac:   00000000 145224b0 0212e800 0000005e
0x1499f2bc:   00000061 0000006c 000000a7 14990000
0x1499f2cc:   000000a7 145224b0 0000005e 000000a7 

Instructions: (pc=0x723728e0)
0x723728c0:   55 8b ec 8b 45 0c 53 8b c8 83 e1 1f bb 01 00 00
0x723728d0:   00 56 8b 75 08 d3 e3 8b d0 57 8b 7e 5c c1 ea 05
0x723728e0:   85 1c 97 75 0e 6a 01 50 8d 4e 4c e8 60 2a 0f 00
0x723728f0:   ff 46 48 5f 5e 5b 5d c3 cc cc cc cc cc cc cc cc 


Register to memory mapping:

EAX=0xffffff88 is an unknown value
EBX=0x00000100 is an unknown value
ECX=0x00000008 is an unknown value
EDX=0x07fffffc is an unallocated location in the heap
ESP=0x1499f25c is an unknown value
EBP=0x1499f268 is an unknown value
ESI=0x1499f388 is an unknown value
EDI=0x020a74a8 is an unknown value


Stack: [0x14950000,0x149a0000],  sp=0x1499f25c,  free space=316k
Native frames: (J=compiled Java code, j=interpreted, Vv=VM code, C=native code)
V  [jvm.dll+0xb28e0]
V  [jvm.dll+0xb4303]
V  [jvm.dll+0xb4a38]
V  [jvm.dll+0xb6811]
V  [jvm.dll+0x87a31]
V  [jvm.dll+0x880ad]
V  [jvm.dll+0x881f8]
V  [jvm.dll+0x88448]
V  [jvm.dll+0xbeb3f]
V  [jvm.dll+0xce8cb]
V  [jvm.dll+0x12381d]
V  [jvm.dll+0x184e7b]
V  [jvm.dll+0x184291]
V  [jvm.dll+0x1846a7]
V  [jvm.dll+0x1848a2]
V  [jvm.dll+0x1c6a76]
C  [msvcr100.dll+0x5c556]
C  [msvcr100.dll+0x5c600]
C  [KERNEL32.DLL+0x20419]
C  [ntdll.dll+0x6662d]
C  [ntdll.dll+0x665fd]

VM_Operation (0x14d6f680): GetOrSetLocal, mode: safepoint, requested by thread 0x14784400


---------------  P R O C E S S  ---------------

Java Threads: ( => current thread )
  0x147a5400 JavaThread "Service Thread" daemon [_thread_blocked, id=4000, stack(0x14f60000,0x14fb0000)]
  0x1479a000 JavaThread "C1 CompilerThread0" daemon [_thread_blocked, id=3032, stack(0x14ed0000,0x14f20000)]
  0x14793800 JavaThread "JDWP Command Reader" daemon [_thread_in_native, id=8420, stack(0x14e40000,0x14e90000)]
  0x1478d400 JavaThread "JDWP Event Helper Thread" daemon [_thread_blocked, id=268, stack(0x14db0000,0x14e00000)]
  0x14784400 JavaThread "JDWP Transport Listener: dt_socket" daemon [_thread_blocked, id=8404, stack(0x14d20000,0x14d70000)]
  0x14789c00 JavaThread "Attach Listener" daemon [_thread_blocked, id=7356, stack(0x14c90000,0x14ce0000)]
  0x14787c00 JavaThread "Signal Dispatcher" daemon [_thread_blocked, id=3732, stack(0x14c00000,0x14c50000)]
  0x1476c000 JavaThread "Finalizer" daemon [_thread_blocked, id=6704, stack(0x14a70000,0x14ac0000)]
  0x14766000 JavaThread "Reference Handler" daemon [_thread_blocked, id=1248, stack(0x149e0000,0x14a30000)]
  0x0011d800 JavaThread "main" [_thread_blocked, id=8264, stack(0x01fc0000,0x02010000)]

Other Threads:
=>0x0212e800 VMThread [stack: 0x14950000,0x149a0000] [id=5328]
  0x147c8400 WatcherThread [stack: 0x14ff0000,0x15040000] [id=7764]

VM state:at safepoint (normal execution)

VM Mutex/Monitor currently owned by a thread:  ([mutex/lock_event])
[0x0011be30] Threads_lock - owner thread: 0x0212e800

Heap:
 def new generation   total 4928K, used 814K [0x04200000, 0x04750000, 0x09750000)
  eden space 4416K,  18% used [0x04200000, 0x042cb8a8, 0x04650000)
  from space 512K,   0% used [0x04650000, 0x04650000, 0x046d0000)
  to   space 512K,   0% used [0x046d0000, 0x046d0000, 0x04750000)
 tenured generation   total 10944K, used 0K [0x09750000, 0x0a200000, 0x14200000)
   the space 10944K,   0% used [0x09750000, 0x09750000, 0x09750200, 0x0a200000)
 Metaspace       used 1833K, capacity 2280K, committed 2368K, reserved 4480K

Card table byte_map: [0x14200000,0x14290000] byte_map_base: 0x141df000

Polling page: 0x00160000

CodeCache: size=32768Kb used=718Kb max_used=718Kb free=32049Kb
 bounds [0x02130000, 0x021e8000, 0x04130000]
 total_blobs=160 nmethods=29 adapters=71
 compilation: enabled

Compilation events (10 events):
Event: 0.384 Thread 0x1479a000   25             java.lang.String::indexOf (166 bytes)
Event: 0.384 Thread 0x1479a000 nmethod 25 0x021e1ac8 code [0x021e1be0, 0x021e1e30]
Event: 0.408 Thread 0x1479a000   26             java.lang.Math::min (11 bytes)
Event: 0.408 Thread 0x1479a000 nmethod 26 0x021e2188 code [0x021e2280, 0x021e22f0]
Event: 0.411 Thread 0x1479a000   27             java.lang.String::startsWith (72 bytes)
Event: 0.412 Thread 0x1479a000 nmethod 27 0x021e2348 code [0x021e2450, 0x021e2590]
Event: 0.412 Thread 0x1479a000   28             java.lang.String::replace (127 bytes)
Event: 0.412 Thread 0x1479a000 nmethod 28 0x021e2708 code [0x021e2820, 0x021e2ab0]
Event: 51.258 Thread 0x1479a000   29             sun.nio.cs.UTF_8$Encoder::encode (359 bytes)
Event: 51.261 Thread 0x1479a000 nmethod 29 0x021e2d48 code [0x021e2e90, 0x021e32e8]

GC Heap History (0 events):
No events

Deoptimization events (0 events):
No events

Classes redefined (3 events):
Event: 147.685 Thread 0x0212e800 redefined class name=Husband, count=1
Event: 528.581 Thread 0x0212e800 redefined class name=Husband, count=2
Event: 873.072 Thread 0x0212e800 redefined class name=Main, count=1

Internal exceptions (2 events):
Event: 0.065 Thread 0x0011d800 Exception <a 'java/lang/NoSuchMethodError': Method sun.misc.Unsafe.defineClass(Ljava/lang/String;[BII)Ljava/lang/Class; name or signature does not match> (0x04206ea8) thrown at [C:\re\workspace\8-2-build-windows-i586-cygwin\jdk8u201\12322\hotspot\src\shar
Event: 0.065 Thread 0x0011d800 Exception <a 'java/lang/NoSuchMethodError': Method sun.misc.Unsafe.prefetchRead(Ljava/lang/Object;J)V name or signature does not match> (0x04207178) thrown at [C:\re\workspace\8-2-build-windows-i586-cygwin\jdk8u201\12322\hotspot\src\share\vm\prims\jni.cpp

Events (10 events):
Event: 873.066 Executing VM operation: ChangeBreakpoints done
Event: 873.066 Executing VM operation: ChangeBreakpoints
Event: 873.067 Executing VM operation: ChangeBreakpoints done
Event: 873.068 Executing VM operation: ChangeBreakpoints
Event: 873.068 Executing VM operation: ChangeBreakpoints done
Event: 873.069 Executing VM operation: ChangeBreakpoints
Event: 873.069 Executing VM operation: ChangeBreakpoints done
Event: 873.071 Executing VM operation: RedefineClasses
Event: 873.072 Executing VM operation: RedefineClasses done
Event: 873.074 Executing VM operation: GetOrSetLocal


Dynamic libraries:
0x002b0000 - 0x002e3000 	C:\Program Files (x86)\Java\jdk1.8.0_201\bin\java.exe
0x770b0000 - 0x7724c000 	C:\WINDOWS\SYSTEM32\ntdll.dll
0x75760000 - 0x75840000 	C:\WINDOWS\System32\KERNEL32.DLL
0x75200000 - 0x753fa000 	C:\WINDOWS\System32\KERNELBASE.dll
0x74590000 - 0x7462c000 	C:\WINDOWS\SYSTEM32\apphelp.dll
0x74b50000 - 0x74bce000 	C:\WINDOWS\System32\ADVAPI32.dll
0x76320000 - 0x763e0000 	C:\WINDOWS\System32\msvcrt.dll
0x75db0000 - 0x75e29000 	C:\WINDOWS\System32\sechost.dll
0x75400000 - 0x754bf000 	C:\WINDOWS\System32\RPCRT4.dll
0x74640000 - 0x74660000 	C:\WINDOWS\System32\SspiCli.dll
0x74630000 - 0x7463a000 	C:\WINDOWS\System32\CRYPTBASE.dll
0x74ea0000 - 0x74f02000 	C:\WINDOWS\System32\bcryptPrimitives.dll
0x75010000 - 0x751a9000 	C:\WINDOWS\System32\USER32.dll
0x75840000 - 0x75857000 	C:\WINDOWS\System32\win32u.dll
0x76f20000 - 0x76f43000 	C:\WINDOWS\System32\GDI32.dll
0x76560000 - 0x766c7000 	C:\WINDOWS\System32\gdi32full.dll
0x76280000 - 0x76300000 	C:\WINDOWS\System32\msvcp_win.dll
0x74c20000 - 0x74d42000 	C:\WINDOWS\System32\ucrtbase.dll
0x72c70000 - 0x72e7f000 	C:\WINDOWS\WinSxS\x86_microsoft.windows.common-controls_6595b64144ccf1df_6.0.17763.437_none_4d6374a11b9a86dc\COMCTL32.dll
0x754e0000 - 0x75758000 	C:\WINDOWS\System32\combase.dll
0x766d0000 - 0x766f5000 	C:\WINDOWS\System32\IMM32.DLL
0x72bb0000 - 0x72c6f000 	C:\Program Files (x86)\Java\jdk1.8.0_201\jre\bin\msvcr100.dll
0x722c0000 - 0x72695000 	C:\Program Files (x86)\Java\jdk1.8.0_201\jre\bin\client\jvm.dll
0x74bd0000 - 0x74bd6000 	C:\WINDOWS\System32\PSAPI.DLL
0x74360000 - 0x74384000 	C:\WINDOWS\SYSTEM32\WINMM.dll
0x73940000 - 0x73948000 	C:\WINDOWS\SYSTEM32\VERSION.dll
0x73dd0000 - 0x73df3000 	C:\WINDOWS\SYSTEM32\WINMMBASE.dll
0x72ba0000 - 0x72ba8000 	C:\WINDOWS\SYSTEM32\WSOCK32.dll
0x74820000 - 0x7485b000 	C:\WINDOWS\System32\cfgmgr32.dll
0x748c0000 - 0x7491f000 	C:\WINDOWS\System32\WS2_32.dll
0x72b90000 - 0x72b9c000 	C:\Program Files (x86)\Java\jdk1.8.0_201\jre\bin\verify.dll
0x72b60000 - 0x72b81000 	C:\Program Files (x86)\Java\jdk1.8.0_201\jre\bin\java.dll
0x72b10000 - 0x72b3b000 	C:\Program Files (x86)\Java\jdk1.8.0_201\jre\bin\jdwp.dll
0x72ac0000 - 0x72ac7000 	C:\Program Files (x86)\Java\jdk1.8.0_201\jre\bin\npt.dll
0x72b40000 - 0x72b54000 	C:\Program Files (x86)\Java\jdk1.8.0_201\jre\bin\zip.dll
0x75860000 - 0x75dae000 	C:\WINDOWS\System32\SHELL32.dll
0x74790000 - 0x74819000 	C:\WINDOWS\System32\shcore.dll
0x768c0000 - 0x76ebc000 	C:\WINDOWS\System32\windows.storage.dll
0x74c00000 - 0x74c1c000 	C:\WINDOWS\System32\profapi.dll
0x76760000 - 0x767b4000 	C:\WINDOWS\System32\powrprof.dll
0x751b0000 - 0x751f4000 	C:\WINDOWS\System32\shlwapi.dll
0x76550000 - 0x7655f000 	C:\WINDOWS\System32\kernel.appcore.dll
0x76300000 - 0x76312000 	C:\WINDOWS\System32\cryptsp.dll
0x72ab0000 - 0x72ab8000 	C:\Program Files (x86)\Java\jdk1.8.0_201\jre\bin\dt_socket.dll
0x727a0000 - 0x727f2000 	C:\WINDOWS\system32\mswsock.dll
0x6d0e0000 - 0x6d26f000 	C:\WINDOWS\SYSTEM32\dbghelp.dll

VM Arguments:
jvm_args: -agentlib:jdwp=transport=dt_socket,address=127.0.0.1:51648,suspend=y,server=n -Dfile.encoding=UTF-8 
java_command: Main
java_class_path (initial): C:\Program Files (x86)\Java\jdk1.8.0_201\jre\lib\charsets.jar;C:\Program Files (x86)\Java\jdk1.8.0_201\jre\lib\deploy.jar;C:\Program Files (x86)\Java\jdk1.8.0_201\jre\lib\ext\access-bridge-32.jar;C:\Program Files (x86)\Java\jdk1.8.0_201\jre\lib\ext\cldrdata.jar;C:\Program Files (x86)\Java\jdk1.8.0_201\jre\lib\ext\dnsns.jar;C:\Program Files (x86)\Java\jdk1.8.0_201\jre\lib\ext\jaccess.jar;C:\Program Files (x86)\Java\jdk1.8.0_201\jre\lib\ext\jfxrt.jar;C:\Program Files (x86)\Java\jdk1.8.0_201\jre\lib\ext\localedata.jar;C:\Program Files (x86)\Java\jdk1.8.0_201\jre\lib\ext\nashorn.jar;C:\Program Files (x86)\Java\jdk1.8.0_201\jre\lib\ext\sunec.jar;C:\Program Files (x86)\Java\jdk1.8.0_201\jre\lib\ext\sunjce_provider.jar;C:\Program Files (x86)\Java\jdk1.8.0_201\jre\lib\ext\sunmscapi.jar;C:\Program Files (x86)\Java\jdk1.8.0_201\jre\lib\ext\sunpkcs11.jar;C:\Program Files (x86)\Java\jdk1.8.0_201\jre\lib\ext\zipfs.jar;C:\Program Files (x86)\Java\jdk1.8.0_201\jre\lib\javaws.jar;C:\Program Files (x86)\Java\jdk1.8.0_201\jre\lib\jce.jar;C:\Program Files (x86)\Java\jdk1.8.0_201\jre\lib\jfr.jar;C:\Program Files (x86)\Java\jdk1.8.0_201\jre\lib\jfxswt.jar;C:\Program Files (x86)\Java\jdk1.8.0_201\jre\lib\jsse.jar;C:\Program Files (x86)\Java\jdk1.8.0_201\jre\lib\management-agent.jar;C:\Program Files (x86)\Java\jdk1.8.0_201\jre\lib\plugin.jar;C:\Program Files (x86)\Java\jdk1.8.0_201\jre\lib\resources.jar;C:\Program Files (x86)\Java\jdk1.8.0_201\jre\lib\rt.jar;D:\док\IdeaProjects\epam_projects\shoping\target\classes;C:\Program Files (x86)\JetBrains\IntelliJ IDEA 2017.1\lib\idea_rt.jar
Launcher Type: SUN_STANDARD

Environment Variables:
JAVA_HOME=C:\Program Files (x86)\Java\jdk1.8.0_201
PATH=C:\Program Files\Microsoft MPI\Bin\;C:\Program Files (x86)\Common Files\Oracle\Java\javapath;C:\WINDOWS\system32;C:\WINDOWS;C:\WINDOWS\System32\Wbem;C:\WINDOWS\System32\WindowsPowerShell\v1.0\;C:\Program Files (x86)\maven\bin;C:\Program Files\Git\cmd;C:\WINDOWS\System32\OpenSSH\;C:\Users\Andre\AppData\Local\Microsoft\WindowsApps;
USERNAME=Andre
OS=Windows_NT
PROCESSOR_IDENTIFIER=Intel64 Family 6 Model 92 Stepping 9, GenuineIntel



---------------  S Y S T E M  ---------------

OS: Windows 10.0 , 64 bit Build 17763 (10.0.17763.437)

CPU:total 4 (initial active 4) (4 cores per cpu, 1 threads per core) family 6 model 92 stepping 9, cmov, cx8, fxsr, mmx, sse, sse2, sse3, ssse3, sse4.1, sse4.2, popcnt, aes, clmul, erms, 3dnowpref, tsc, tscinvbit

Memory: 4k page, physical 4054516k(732928k free), swap 7200244k(2053288k free)

vm_info: Java HotSpot(TM) Client VM (25.201-b09) for windows-x86 JRE (1.8.0_201-b09), built on Dec 16 2018 00:13:48 by "java_re" with MS VC++ 10.0 (VS2010)

time: Sat Apr 27 17:33:52 2019
timezone: Финляндия (лето)
elapsed time: 873 seconds (0d 0h 14m 33s)

